<?xml version="1.0" encoding="UTF-8"?>
<testng-results skipped="0" failed="0" ignored="0" total="2" passed="2">
  <reporter-output>
  </reporter-output>
  <suite name="Default suite" duration-ms="14511" started-at="2023-11-01T22:17:38Z" finished-at="2023-11-01T22:17:52Z">
    <groups>
      <group name="cucumber">
        <method signature="AbstractTestNGCucumberTests.feature(cucumber.api.testng.CucumberFeatureWrapper)[pri:0, instance:com.testrunner.TestRunner@185d8b6]" name="feature" class="cucumber.api.testng.AbstractTestNGCucumberTests"/>
      </group> <!-- cucumber -->
    </groups>
    <test name="Default test" duration-ms="14511" started-at="2023-11-01T22:17:38Z" finished-at="2023-11-01T22:17:52Z">
      <class name="com.testrunner.TestRunner">
        <test-method status="PASS" signature="setUpClass()[pri:0, instance:com.testrunner.TestRunner@185d8b6]" name="setUpClass" is-config="true" duration-ms="140" started-at="2023-11-01T22:17:38Z" finished-at="2023-11-01T22:17:38Z">
          <reporter-output>
          </reporter-output>
        </test-method> <!-- setUpClass -->
        <test-method status="PASS" signature="feature(cucumber.api.testng.CucumberFeatureWrapper)[pri:0, instance:com.testrunner.TestRunner@185d8b6]" name="feature" duration-ms="8657" started-at="2023-11-01T22:17:38Z" description="Runs Cucumber Feature" data-provider="features" finished-at="2023-11-01T22:17:47Z">
          <params>
            <param index="0">
              <value>
                <![CDATA[Challenging Dom test feature]]>
              </value>
            </param>
          </params>
          <reporter-output>
          </reporter-output>
        </test-method> <!-- feature -->
        <test-method status="PASS" signature="feature(cucumber.api.testng.CucumberFeatureWrapper)[pri:0, instance:com.testrunner.TestRunner@185d8b6]" name="feature" duration-ms="5629" started-at="2023-11-01T22:17:47Z" description="Runs Cucumber Feature" data-provider="features" finished-at="2023-11-01T22:17:52Z">
          <params>
            <param index="0">
              <value>
                <![CDATA[Dynamic controls test feature]]>
              </value>
            </param>
          </params>
          <reporter-output>
          </reporter-output>
        </test-method> <!-- feature -->
        <test-method status="PASS" signature="tearDownClass()[pri:0, instance:com.testrunner.TestRunner@185d8b6]" name="tearDownClass" is-config="true" duration-ms="7" started-at="2023-11-01T22:17:52Z" finished-at="2023-11-01T22:17:52Z">
          <reporter-output>
          </reporter-output>
        </test-method> <!-- tearDownClass -->
      </class> <!-- com.testrunner.TestRunner -->
    </test> <!-- Default test -->
  </suite> <!-- Default suite -->
</testng-results>
